This is pdfTeX, Version 3.14159265-2.6-1.40.21 (TeX Live 2020/W32TeX) (preloaded format=pdflatex 2020.11.2)  2 NOV 2020 18:43
entering extended mode
 restricted \write18 enabled.
 %&-line parsing enabled.
**C:/Users/elarg/AppData/Local/Temp/RtmpAjLU6P/preview-5dac2f7f6f86.dir/g4dbr.t
ex

(c:/Users/elarg/AppData/Local/Temp/RtmpAjLU6P/preview-5dac2f7f6f86.dir/g4dbr.te
x
LaTeX2e <2020-10-01> patch level 2
L3 programming layer <2020-10-27> xparse <2020-03-03> (c:/Users/elarg/AppData/R
oaming/TinyTeX/texmf-dist/tex/latex/base/article.cls
Document Class: article 2020/04/10 v1.4m Standard LaTeX document class
(c:/Users/elarg/AppData/Roaming/TinyTeX/texmf-dist/tex/latex/base/size10.clo
File: size10.clo 2020/04/10 v1.4m Standard LaTeX file (size option)
)
\c@part=\count175
\c@section=\count176
\c@subsection=\count177
\c@subsubsection=\count178
\c@paragraph=\count179
\c@subparagraph=\count180
\c@figure=\count181
\c@table=\count182
\abovecaptionskip=\skip47
\belowcaptionskip=\skip48
\bibindent=\dimen138
) (c:/Users/elarg/AppData/Roaming/TinyTeX/texmf-dist/tex/latex/lm/lmodern.sty
Package: lmodern 2009/10/30 v1.6 Latin Modern Fonts
LaTeX Font Info:    Overwriting symbol font `operators' in version `normal'
(Font)                  OT1/cmr/m/n --> OT1/lmr/m/n on input line 22.
LaTeX Font Info:    Overwriting symbol font `letters' in version `normal'
(Font)                  OML/cmm/m/it --> OML/lmm/m/it on input line 23.
LaTeX Font Info:    Overwriting symbol font `symbols' in version `normal'
(Font)                  OMS/cmsy/m/n --> OMS/lmsy/m/n on input line 24.
LaTeX Font Info:    Overwriting symbol font `largesymbols' in version `normal'
(Font)                  OMX/cmex/m/n --> OMX/lmex/m/n on input line 25.
LaTeX Font Info:    Overwriting symbol font `operators' in version `bold'
(Font)                  OT1/cmr/bx/n --> OT1/lmr/bx/n on input line 26.
LaTeX Font Info:    Overwriting symbol font `letters' in version `bold'
(Font)                  OML/cmm/b/it --> OML/lmm/b/it on input line 27.
LaTeX Font Info:    Overwriting symbol font `symbols' in version `bold'
(Font)                  OMS/cmsy/b/n --> OMS/lmsy/b/n on input line 28.
LaTeX Font Info:    Overwriting symbol font `largesymbols' in version `bold'
(Font)                  OMX/cmex/m/n --> OMX/lmex/m/n on input line 29.
LaTeX Font Info:    Overwriting math alphabet `\mathbf' in version `normal'
(Font)                  OT1/cmr/bx/n --> OT1/lmr/bx/n on input line 31.
LaTeX Font Info:    Overwriting math alphabet `\mathsf' in version `normal'
(Font)                  OT1/cmss/m/n --> OT1/lmss/m/n on input line 32.
LaTeX Font Info:    Overwriting math alphabet `\mathit' in version `normal'
(Font)                  OT1/cmr/m/it --> OT1/lmr/m/it on input line 33.
LaTeX Font Info:    Overwriting math alphabet `\mathtt' in version `normal'
(Font)                  OT1/cmtt/m/n --> OT1/lmtt/m/n on input line 34.
LaTeX Font Info:    Overwriting math alphabet `\mathbf' in version `bold'
(Font)                  OT1/cmr/bx/n --> OT1/lmr/bx/n on input line 35.
LaTeX Font Info:    Overwriting math alphabet `\mathsf' in version `bold'
(Font)                  OT1/cmss/bx/n --> OT1/lmss/bx/n on input line 36.
LaTeX Font Info:    Overwriting math alphabet `\mathit' in version `bold'
(Font)                  OT1/cmr/bx/it --> OT1/lmr/bx/it on input line 37.
LaTeX Font Info:    Overwriting math alphabet `\mathtt' in version `bold'
(Font)                  OT1/cmtt/m/n --> OT1/lmtt/m/n on input line 38.
)
(c:/Users/elarg/AppData/Roaming/TinyTeX/texmf-dist/tex/latex/amsfonts/amssymb.s
ty
Package: amssymb 2013/01/14 v3.01 AMS font symbols

(c:/Users/elarg/AppData/Roaming/TinyTeX/texmf-dist/tex/latex/amsfonts/amsfonts.
sty
Package: amsfonts 2013/01/14 v3.01 Basic AMSFonts support
\@emptytoks=\toks15
\symAMSa=\mathgroup4
\symAMSb=\mathgroup5
LaTeX Font Info:    Redeclaring math symbol \hbar on input line 98.
LaTeX Font Info:    Overwriting math alphabet `\mathfrak' in version `bold'
(Font)                  U/euf/m/n --> U/euf/b/n on input line 106.
))
(c:/Users/elarg/AppData/Roaming/TinyTeX/texmf-dist/tex/latex/amsmath/amsmath.st
y
Package: amsmath 2020/09/23 v2.17i AMS math features
\@mathmargin=\skip49
For additional information on amsmath, use the `?' option.

(c:/Users/elarg/AppData/Roaming/TinyTeX/texmf-dist/tex/latex/amsmath/amstext.st
y
Package: amstext 2000/06/29 v2.01 AMS text

(c:/Users/elarg/AppData/Roaming/TinyTeX/texmf-dist/tex/latex/amsmath/amsgen.sty
File: amsgen.sty 1999/11/30 v2.0 generic functions
\@emptytoks=\toks16
\ex@=\dimen139
))
(c:/Users/elarg/AppData/Roaming/TinyTeX/texmf-dist/tex/latex/amsmath/amsbsy.sty
Package: amsbsy 1999/11/29 v1.2d Bold Symbols
\pmbraise@=\dimen140
)
(c:/Users/elarg/AppData/Roaming/TinyTeX/texmf-dist/tex/latex/amsmath/amsopn.sty
Package: amsopn 2016/03/08 v2.02 operator names
)
\inf@bad=\count183
LaTeX Info: Redefining \frac on input line 234.
\uproot@=\count184
\leftroot@=\count185
LaTeX Info: Redefining \overline on input line 399.
\classnum@=\count186
\DOTSCASE@=\count187
LaTeX Info: Redefining \ldots on input line 496.
LaTeX Info: Redefining \dots on input line 499.
LaTeX Info: Redefining \cdots on input line 620.
\Mathstrutbox@=\box47
\strutbox@=\box48
\big@size=\dimen141
LaTeX Font Info:    Redeclaring font encoding OML on input line 743.
LaTeX Font Info:    Redeclaring font encoding OMS on input line 744.
\macc@depth=\count188
\c@MaxMatrixCols=\count189
\dotsspace@=\muskip16
\c@parentequation=\count190
\dspbrk@lvl=\count191
\tag@help=\toks17
\row@=\count192
\column@=\count193
\maxfields@=\count194
\andhelp@=\toks18
\eqnshift@=\dimen142
\alignsep@=\dimen143
\tagshift@=\dimen144
\tagwidth@=\dimen145
\totwidth@=\dimen146
\lineht@=\dimen147
\@envbody=\toks19
\multlinegap=\skip50
\multlinetaggap=\skip51
\mathdisplay@stack=\toks20
LaTeX Info: Redefining \[ on input line 2923.
LaTeX Info: Redefining \] on input line 2924.
)
(c:/Users/elarg/AppData/Roaming/TinyTeX/texmf-dist/tex/generic/iftex/ifxetex.st
y
Package: ifxetex 2019/10/25 v0.7 ifxetex legacy package. Use iftex instead.
(c:/Users/elarg/AppData/Roaming/TinyTeX/texmf-dist/tex/generic/iftex/iftex.sty
Package: iftex 2020/03/06 v1.0d TeX engine tests
))
(c:/Users/elarg/AppData/Roaming/TinyTeX/texmf-dist/tex/generic/iftex/ifluatex.s
ty
Package: ifluatex 2019/10/25 v1.5 ifluatex legacy package. Use iftex instead.
) (c:/Users/elarg/AppData/Roaming/TinyTeX/texmf-dist/tex/latex/base/fontenc.sty
Package: fontenc 2020/08/10 v2.0s Standard LaTeX package
LaTeX Font Info:    Trying to load font information for T1+lmr on input line 11
2.
(c:/Users/elarg/AppData/Roaming/TinyTeX/texmf-dist/tex/latex/lm/t1lmr.fd
File: t1lmr.fd 2009/10/30 v1.6 Font defs for Latin Modern
)) (c:/Users/elarg/AppData/Roaming/TinyTeX/texmf-dist/tex/latex/base/inputenc.s
ty
Package: inputenc 2020/08/01 v1.3d Input encoding file
\inpenc@prehook=\toks21
\inpenc@posthook=\toks22
) (c:/Users/elarg/AppData/Roaming/TinyTeX/texmf-dist/tex/latex/base/textcomp.st
y
Package: textcomp 2020/02/02 v2.0n Standard LaTeX package
)
(c:/Users/elarg/AppData/Roaming/TinyTeX/texmf-dist/tex/latex/upquote/upquote.st
y
Package: upquote 2012/04/19 v1.3 upright-quote and grave-accent glyphs in verba
tim
) (c:/Users/elarg/AppData/Roaming/TinyTeX/texmf-dist/tex/latex/xcolor/xcolor.st
y
Package: xcolor 2016/05/11 v2.12 LaTeX color extensions (UK)

(c:/Users/elarg/AppData/Roaming/TinyTeX/texmf-dist/tex/latex/graphics-cfg/color
.cfg
File: color.cfg 2016/01/02 v1.6 sample color configuration
)
Package xcolor Info: Driver file: pdftex.def on input line 225.

(c:/Users/elarg/AppData/Roaming/TinyTeX/texmf-dist/tex/latex/graphics-def/pdfte
x.def
File: pdftex.def 2020/10/05 v1.2a Graphics/color driver for pdftex
)
Package xcolor Info: Model `cmy' substituted by `cmy0' on input line 1348.
Package xcolor Info: Model `hsb' substituted by `rgb' on input line 1352.
Package xcolor Info: Model `RGB' extended on input line 1364.
Package xcolor Info: Model `HTML' substituted by `rgb' on input line 1366.
Package xcolor Info: Model `Hsb' substituted by `hsb' on input line 1367.
Package xcolor Info: Model `tHsb' substituted by `hsb' on input line 1368.
Package xcolor Info: Model `HSB' substituted by `hsb' on input line 1369.
Package xcolor Info: Model `Gray' substituted by `gray' on input line 1370.
Package xcolor Info: Model `wave' substituted by `hsb' on input line 1371.
)
(c:/Users/elarg/AppData/Roaming/TinyTeX/texmf-dist/tex/latex/hyperref/hyperref.
sty
Package: hyperref 2020-05-15 v7.00e Hypertext links for LaTeX

(c:/Users/elarg/AppData/Roaming/TinyTeX/texmf-dist/tex/generic/ltxcmds/ltxcmds.
sty
Package: ltxcmds 2020-05-10 v1.25 LaTeX kernel commands for general use (HO)
)
(c:/Users/elarg/AppData/Roaming/TinyTeX/texmf-dist/tex/generic/pdftexcmds/pdfte
xcmds.sty
Package: pdftexcmds 2020-06-27 v0.33 Utility functions of pdfTeX for LuaTeX (HO
)

(c:/Users/elarg/AppData/Roaming/TinyTeX/texmf-dist/tex/generic/infwarerr/infwar
err.sty
Package: infwarerr 2019/12/03 v1.5 Providing info/warning/error messages (HO)
)
Package pdftexcmds Info: \pdf@primitive is available.
Package pdftexcmds Info: \pdf@ifprimitive is available.
Package pdftexcmds Info: \pdfdraftmode found.
)
(c:/Users/elarg/AppData/Roaming/TinyTeX/texmf-dist/tex/latex/graphics/keyval.st
y
Package: keyval 2014/10/28 v1.15 key=value parser (DPC)
\KV@toks@=\toks23
)
(c:/Users/elarg/AppData/Roaming/TinyTeX/texmf-dist/tex/generic/kvsetkeys/kvsetk
eys.sty
Package: kvsetkeys 2019/12/15 v1.18 Key value parser (HO)
)
(c:/Users/elarg/AppData/Roaming/TinyTeX/texmf-dist/tex/generic/kvdefinekeys/kvd
efinekeys.sty
Package: kvdefinekeys 2019-12-19 v1.6 Define keys (HO)
)
(c:/Users/elarg/AppData/Roaming/TinyTeX/texmf-dist/tex/generic/pdfescape/pdfesc
ape.sty
Package: pdfescape 2019/12/09 v1.15 Implements pdfTeX's escape features (HO)
)
(c:/Users/elarg/AppData/Roaming/TinyTeX/texmf-dist/tex/latex/hycolor/hycolor.st
y
Package: hycolor 2020-01-27 v1.10 Color options for hyperref/bookmark (HO)
)
(c:/Users/elarg/AppData/Roaming/TinyTeX/texmf-dist/tex/latex/letltxmacro/letltx
macro.sty
Package: letltxmacro 2019/12/03 v1.6 Let assignment for LaTeX macros (HO)
)
(c:/Users/elarg/AppData/Roaming/TinyTeX/texmf-dist/tex/latex/auxhook/auxhook.st
y
Package: auxhook 2019-12-17 v1.6 Hooks for auxiliary files (HO)
)
(c:/Users/elarg/AppData/Roaming/TinyTeX/texmf-dist/tex/latex/kvoptions/kvoption
s.sty
Package: kvoptions 2020-10-07 v3.14 Key value format for package options (HO)
)
\@linkdim=\dimen148
\Hy@linkcounter=\count195
\Hy@pagecounter=\count196

(c:/Users/elarg/AppData/Roaming/TinyTeX/texmf-dist/tex/latex/hyperref/pd1enc.de
f
File: pd1enc.def 2020-05-15 v7.00e Hyperref: PDFDocEncoding definition (HO)
Now handling font encoding PD1 ...
... no UTF-8 mapping file for font encoding PD1
)
(c:/Users/elarg/AppData/Roaming/TinyTeX/texmf-dist/tex/generic/intcalc/intcalc.
sty
Package: intcalc 2019/12/15 v1.3 Expandable calculations with integers (HO)
)
(c:/Users/elarg/AppData/Roaming/TinyTeX/texmf-dist/tex/generic/etexcmds/etexcmd
s.sty
Package: etexcmds 2019/12/15 v1.7 Avoid name clashes with e-TeX commands (HO)
)
\Hy@SavedSpaceFactor=\count197
Package hyperref Info: Option `unicode' set `true' on input line 4338.

(c:/Users/elarg/AppData/Roaming/TinyTeX/texmf-dist/tex/latex/hyperref/puenc.def
File: puenc.def 2020-05-15 v7.00e Hyperref: PDF Unicode definition (HO)
Now handling font encoding PU ...
... no UTF-8 mapping file for font encoding PU
)
Package hyperref Info: Hyper figures OFF on input line 4464.
Package hyperref Info: Link nesting OFF on input line 4469.
Package hyperref Info: Hyper index ON on input line 4472.
Package hyperref Info: Plain pages OFF on input line 4479.
Package hyperref Info: Backreferencing OFF on input line 4484.
Package hyperref Info: Implicit mode ON; LaTeX internals redefined.
Package hyperref Info: Bookmarks ON on input line 4717.
\c@Hy@tempcnt=\count198
(c:/Users/elarg/AppData/Roaming/TinyTeX/texmf-dist/tex/latex/url/url.sty
\Urlmuskip=\muskip17
Package: url 2013/09/16  ver 3.4  Verb mode for urls, etc.
)
LaTeX Info: Redefining \url on input line 5076.
\XeTeXLinkMargin=\dimen149

(c:/Users/elarg/AppData/Roaming/TinyTeX/texmf-dist/tex/generic/bitset/bitset.st
y
Package: bitset 2019/12/09 v1.3 Handle bit-vector datatype (HO)

(c:/Users/elarg/AppData/Roaming/TinyTeX/texmf-dist/tex/generic/bigintcalc/bigin
tcalc.sty
Package: bigintcalc 2019/12/15 v1.5 Expandable calculations on big integers (HO
)
))
\Fld@menulength=\count199
\Field@Width=\dimen150
\Fld@charsize=\dimen151
Package hyperref Info: Hyper figures OFF on input line 6347.
Package hyperref Info: Link nesting OFF on input line 6352.
Package hyperref Info: Hyper index ON on input line 6355.
Package hyperref Info: backreferencing OFF on input line 6362.
Package hyperref Info: Link coloring OFF on input line 6367.
Package hyperref Info: Link coloring with OCG OFF on input line 6372.
Package hyperref Info: PDF/A mode OFF on input line 6377.
LaTeX Info: Redefining \ref on input line 6417.
LaTeX Info: Redefining \pageref on input line 6421.

(c:/Users/elarg/AppData/Roaming/TinyTeX/texmf-dist/tex/latex/base/atbegshi-ltx.
sty
Package: atbegshi-ltx 2020/08/17 v1.0a Emulation of the original atbegshi packa
ge
with kernel methods
)
\Hy@abspage=\count266
\c@Item=\count267
\c@Hfootnote=\count268
)
Package hyperref Info: Driver (autodetected): hpdftex.

(c:/Users/elarg/AppData/Roaming/TinyTeX/texmf-dist/tex/latex/hyperref/hpdftex.d
ef
File: hpdftex.def 2020-05-15 v7.00e Hyperref driver for pdfTeX

(c:/Users/elarg/AppData/Roaming/TinyTeX/texmf-dist/tex/latex/base/atveryend-ltx
.sty
Package: atveryend-ltx 2020/08/19 v1.0a Emulation of the original atvery packag
e
with kernel methods
)
\Fld@listcount=\count269
\c@bookmark@seq@number=\count270

(c:/Users/elarg/AppData/Roaming/TinyTeX/texmf-dist/tex/latex/rerunfilecheck/rer
unfilecheck.sty
Package: rerunfilecheck 2019/12/05 v1.9 Rerun checks for auxiliary files (HO)

(c:/Users/elarg/AppData/Roaming/TinyTeX/texmf-dist/tex/generic/uniquecounter/un
iquecounter.sty
Package: uniquecounter 2019/12/15 v1.4 Provide unlimited unique counter (HO)
)
Package uniquecounter Info: New unique counter `rerunfilecheck' on input line 2
86.
)
\Hy@SectionHShift=\skip52
)
(c:/Users/elarg/AppData/Roaming/TinyTeX/texmf-dist/tex/latex/geometry/geometry.
sty
Package: geometry 2020/01/02 v5.9 Page Geometry

(c:/Users/elarg/AppData/Roaming/TinyTeX/texmf-dist/tex/generic/iftex/ifvtex.sty
Package: ifvtex 2019/10/25 v1.7 ifvtex legacy package. Use iftex instead.
)
\Gm@cnth=\count271
\Gm@cntv=\count272
\c@Gm@tempcnt=\count273
\Gm@bindingoffset=\dimen152
\Gm@wd@mp=\dimen153
\Gm@odd@mp=\dimen154
\Gm@even@mp=\dimen155
\Gm@layoutwidth=\dimen156
\Gm@layoutheight=\dimen157
\Gm@layouthoffset=\dimen158
\Gm@layoutvoffset=\dimen159
\Gm@dimlist=\toks24
)
(c:/Users/elarg/AppData/Roaming/TinyTeX/texmf-dist/tex/latex/fancyvrb/fancyvrb.
sty
Package: fancyvrb 2020/05/03 v3.6 verbatim text (tvz,hv)
\FV@CodeLineNo=\count274
\FV@InFile=\read2
\FV@TabBox=\box49
\c@FancyVerbLine=\count275
\FV@StepNumber=\count276
\FV@OutFile=\write3
) (c:/Users/elarg/AppData/Roaming/TinyTeX/texmf-dist/tex/latex/framed/framed.st
y
Package: framed 2011/10/22 v 0.96: framed or shaded text with page breaks
\OuterFrameSep=\skip53
\fb@frw=\dimen160
\fb@frh=\dimen161
\FrameRule=\dimen162
\FrameSep=\dimen163
)
(c:/Users/elarg/AppData/Roaming/TinyTeX/texmf-dist/tex/latex/tools/longtable.st
y
Package: longtable 2020/01/07 v4.13 Multi-page Table package (DPC)
\LTleft=\skip54
\LTright=\skip55
\LTpre=\skip56
\LTpost=\skip57
\LTchunksize=\count277
\LTcapwidth=\dimen164
\LT@head=\box50
\LT@firsthead=\box51
\LT@foot=\box52
\LT@lastfoot=\box53
\LT@cols=\count278
\LT@rows=\count279
\c@LT@tables=\count280
\c@LT@chunks=\count281
\LT@p@ftn=\toks25
)
(c:/Users/elarg/AppData/Roaming/TinyTeX/texmf-dist/tex/latex/booktabs/booktabs.
sty
Package: booktabs 2020/01/12 v1.61803398 Publication quality tables
\heavyrulewidth=\dimen165
\lightrulewidth=\dimen166
\cmidrulewidth=\dimen167
\belowrulesep=\dimen168
\belowbottomsep=\dimen169
\aboverulesep=\dimen170
\abovetopsep=\dimen171
\cmidrulesep=\dimen172
\cmidrulekern=\dimen173
\defaultaddspace=\dimen174
\@cmidla=\count282
\@cmidlb=\count283
\@aboverulesep=\dimen175
\@belowrulesep=\dimen176
\@thisruleclass=\count284
\@lastruleclass=\count285
\@thisrulewidth=\dimen177
)
(c:/Users/elarg/AppData/Roaming/TinyTeX/texmf-dist/tex/latex/etoolbox/etoolbox.
sty
Package: etoolbox 2020/10/05 v2.5k e-TeX tools for LaTeX (JAW)
\etb@tempcnta=\count286
)
(c:/Users/elarg/AppData/Roaming/TinyTeX/texmf-dist/tex/latex/mdwtools/footnote.
sty
Package: footnote 1997/01/28 1.13 Save footnotes around boxes
\fn@notes=\box54
\fn@width=\dimen178
)
(c:/Users/elarg/AppData/Roaming/TinyTeX/texmf-dist/tex/latex/graphics/graphicx.
sty
Package: graphicx 2020/09/09 v1.2b Enhanced LaTeX Graphics (DPC,SPQR)

(c:/Users/elarg/AppData/Roaming/TinyTeX/texmf-dist/tex/latex/graphics/graphics.
sty
Package: graphics 2020/08/30 v1.4c Standard LaTeX Graphics (DPC,SPQR)
(c:/Users/elarg/AppData/Roaming/TinyTeX/texmf-dist/tex/latex/graphics/trig.sty
Package: trig 2016/01/03 v1.10 sin cos tan (DPC)
)
(c:/Users/elarg/AppData/Roaming/TinyTeX/texmf-dist/tex/latex/graphics-cfg/graph
ics.cfg
File: graphics.cfg 2016/06/04 v1.11 sample graphics configuration
)
Package graphics Info: Driver file: pdftex.def on input line 105.
)
\Gin@req@height=\dimen179
\Gin@req@width=\dimen180
)
(c:/Users/elarg/AppData/Roaming/TinyTeX/texmf-dist/tex/latex/sourcesanspro/sour
cesanspro.sty
Package: sourcesanspro 2018/05/19 v2.7 Adobe's Source Sans Pro typeface

(c:/Users/elarg/AppData/Roaming/TinyTeX/texmf-dist/tex/latex/xkeyval/xkeyval.st
y
Package: xkeyval 2014/12/03 v2.7a package option processing (HA)

(c:/Users/elarg/AppData/Roaming/TinyTeX/texmf-dist/tex/generic/xkeyval/xkeyval.
tex
(c:/Users/elarg/AppData/Roaming/TinyTeX/texmf-dist/tex/generic/xkeyval/xkvutils
.tex
\XKV@toks=\toks26
\XKV@tempa@toks=\toks27
)
\XKV@depth=\count287
File: xkeyval.tex 2014/12/03 v2.7a key=value parser (HA)
)) (c:/Users/elarg/AppData/Roaming/TinyTeX/texmf-dist/tex/latex/base/fontenc.st
y
Package: fontenc 2020/08/10 v2.0s Standard LaTeX package
(c:/Users/elarg/AppData/Roaming/TinyTeX/texmf-dist/tex/latex/ly1/ly1enc.def
File: ly1enc.def 2009/07/22 v0.7 TeX 'n ANSI encoding (DPC/KB)
Now handling font encoding LY1 ...
... processing UTF-8 mapping file for font encoding LY1
(c:/Users/elarg/AppData/Roaming/TinyTeX/texmf-dist/tex/latex/base/ly1enc.dfu
File: ly1enc.dfu 2019/11/14 v1.2k UTF-8 support for inputenc
   defining Unicode char U+00A0 (decimal 160)
   defining Unicode char U+00A1 (decimal 161)
   defining Unicode char U+00A2 (decimal 162)
   defining Unicode char U+00A3 (decimal 163)
   defining Unicode char U+00A4 (decimal 164)
   defining Unicode char U+00A5 (decimal 165)
   defining Unicode char U+00A6 (decimal 166)
   defining Unicode char U+00A7 (decimal 167)
   defining Unicode char U+00AA (decimal 170)
   defining Unicode char U+00AB (decimal 171)
   defining Unicode char U+00AD (decimal 173)
   defining Unicode char U+00AE (decimal 174)
   defining Unicode char U+00B0 (decimal 176)
   defining Unicode char U+00B5 (decimal 181)
   defining Unicode char U+00B6 (decimal 182)
   defining Unicode char U+00B7 (decimal 183)
   defining Unicode char U+00BA (decimal 186)
   defining Unicode char U+00BB (decimal 187)
   defining Unicode char U+00BC (decimal 188)
   defining Unicode char U+00BD (decimal 189)
   defining Unicode char U+00BE (decimal 190)
   defining Unicode char U+00BF (decimal 191)
   defining Unicode char U+00C0 (decimal 192)
   defining Unicode char U+00C1 (decimal 193)
   defining Unicode char U+00C2 (decimal 194)
   defining Unicode char U+00C3 (decimal 195)
   defining Unicode char U+00C4 (decimal 196)
   defining Unicode char U+00C5 (decimal 197)
   defining Unicode char U+00C6 (decimal 198)
   defining Unicode char U+00C7 (decimal 199)
   defining Unicode char U+00C8 (decimal 200)
   defining Unicode char U+00C9 (decimal 201)
   defining Unicode char U+00CA (decimal 202)
   defining Unicode char U+00CB (decimal 203)
   defining Unicode char U+00CC (decimal 204)
   defining Unicode char U+00CD (decimal 205)
   defining Unicode char U+00CE (decimal 206)
   defining Unicode char U+00CF (decimal 207)
   defining Unicode char U+00D0 (decimal 208)
   defining Unicode char U+00D1 (decimal 209)
   defining Unicode char U+00D2 (decimal 210)
   defining Unicode char U+00D3 (decimal 211)
   defining Unicode char U+00D4 (decimal 212)
   defining Unicode char U+00D5 (decimal 213)
   defining Unicode char U+00D6 (decimal 214)
   defining Unicode char U+00D8 (decimal 216)
   defining Unicode char U+00D9 (decimal 217)
   defining Unicode char U+00DA (decimal 218)
   defining Unicode char U+00DB (decimal 219)
   defining Unicode char U+00DC (decimal 220)
   defining Unicode char U+00DD (decimal 221)
   defining Unicode char U+00DE (decimal 222)
   defining Unicode char U+00DF (decimal 223)
   defining Unicode char U+00E0 (decimal 224)
   defining Unicode char U+00E1 (decimal 225)
   defining Unicode char U+00E2 (decimal 226)
   defining Unicode char U+00E3 (decimal 227)
   defining Unicode char U+00E4 (decimal 228)
   defining Unicode char U+00E5 (decimal 229)
   defining Unicode char U+00E6 (decimal 230)
   defining Unicode char U+00E7 (decimal 231)
   defining Unicode char U+00E8 (decimal 232)
   defining Unicode char U+00E9 (decimal 233)
   defining Unicode char U+00EA (decimal 234)
   defining Unicode char U+00EB (decimal 235)
   defining Unicode char U+00EC (decimal 236)
   defining Unicode char U+00ED (decimal 237)
   defining Unicode char U+00EE (decimal 238)
   defining Unicode char U+00EF (decimal 239)
   defining Unicode char U+00F0 (decimal 240)
   defining Unicode char U+00F1 (decimal 241)
   defining Unicode char U+00F2 (decimal 242)
   defining Unicode char U+00F3 (decimal 243)
   defining Unicode char U+00F4 (decimal 244)
   defining Unicode char U+00F5 (decimal 245)
   defining Unicode char U+00F6 (decimal 246)
   defining Unicode char U+00F8 (decimal 248)
   defining Unicode char U+00F9 (decimal 249)
   defining Unicode char U+00FA (decimal 250)
   defining Unicode char U+00FB (decimal 251)
   defining Unicode char U+00FC (decimal 252)
   defining Unicode char U+00FD (decimal 253)
   defining Unicode char U+00FE (decimal 254)
   defining Unicode char U+00FF (decimal 255)
   defining Unicode char U+0131 (decimal 305)
   defining Unicode char U+0141 (decimal 321)
   defining Unicode char U+0142 (decimal 322)
   defining Unicode char U+0152 (decimal 338)
   defining Unicode char U+0153 (decimal 339)
   defining Unicode char U+0160 (decimal 352)
   defining Unicode char U+0161 (decimal 353)
   defining Unicode char U+0174 (decimal 372)
   defining Unicode char U+0175 (decimal 373)
   defining Unicode char U+0176 (decimal 374)
   defining Unicode char U+0177 (decimal 375)
   defining Unicode char U+0178 (decimal 376)
   defining Unicode char U+017D (decimal 381)
   defining Unicode char U+017E (decimal 382)
   defining Unicode char U+0192 (decimal 402)
   defining Unicode char U+0218 (decimal 536)
   defining Unicode char U+0219 (decimal 537)
   defining Unicode char U+021A (decimal 538)
   defining Unicode char U+021B (decimal 539)
   defining Unicode char U+0237 (decimal 567)
   defining Unicode char U+02C6 (decimal 710)
   defining Unicode char U+02DC (decimal 732)
   defining Unicode char U+2013 (decimal 8211)
   defining Unicode char U+2014 (decimal 8212)
   defining Unicode char U+201C (decimal 8220)
   defining Unicode char U+201D (decimal 8221)
   defining Unicode char U+2020 (decimal 8224)
   defining Unicode char U+2021 (decimal 8225)
   defining Unicode char U+2022 (decimal 8226)
   defining Unicode char U+2026 (decimal 8230)
   defining Unicode char U+2030 (decimal 8240)
   defining Unicode char U+2039 (decimal 8249)
   defining Unicode char U+203A (decimal 8250)
   defining Unicode char U+2122 (decimal 8482)
   defining Unicode char U+FB00 (decimal 64256)
   defining Unicode char U+FB01 (decimal 64257)
   defining Unicode char U+FB02 (decimal 64258)
   defining Unicode char U+FB03 (decimal 64259)
   defining Unicode char U+FB04 (decimal 64260)
   defining Unicode char U+FB05 (decimal 64261)
   defining Unicode char U+FB06 (decimal 64262)
)))) (c:/Users/elarg/AppData/Roaming/TinyTeX/texmf-dist/tex/latex/base/fontenc.
sty
Package: fontenc 2020/08/10 v2.0s Standard LaTeX package
LaTeX Font Info:    Trying to load font information for T1+SourceSansPro-TLF on
 input line 112.

(c:/Users/elarg/AppData/Roaming/TinyTeX/texmf-dist/tex/latex/sourcesanspro/T1So
urceSansPro-TLF.fd
File: T1SourceSansPro-TLF.fd 2020/01/19 (autoinst) Font definitions for T1/Sour
ceSansPro-TLF.
)
LaTeX Font Info:    Font shape `T1/SourceSansPro-TLF/m/n' aliased to
(Font)              `T1/SourceSansPro-TLF/regular/n' on input line 112.
LaTeX Font Info:    Font shape `T1/SourceSansPro-TLF/regular/n' will be
(Font)              scaled to size 10.0pt on input line 112.
) (c:/Users/elarg/AppData/Roaming/TinyTeX/texmf-dist/tex/latex/float/float.sty
Package: float 2001/11/08 v1.3d Float enhancements (AL)
\c@float@type=\count288
\float@exts=\toks28
\float@box=\box55
\@float@everytoks=\toks29
\@floatcapt=\box56
)
\cslhangindent=\skip58
\csllabelwidth=\skip59
(c:/Users/elarg/AppData/Roaming/TinyTeX/texmf-dist/tex/latex/tools/calc.sty
Package: calc 2017/05/25 v4.3 Infix arithmetic (KKT,FJ)
\calc@Acount=\count289
\calc@Bcount=\count290
\calc@Adimen=\dimen181
\calc@Bdimen=\dimen182
\calc@Askip=\skip60
\calc@Bskip=\skip61
LaTeX Info: Redefining \setlength on input line 80.
LaTeX Info: Redefining \addtolength on input line 81.
\calc@Ccount=\count291
\calc@Cskip=\skip62
)
(c:/Users/elarg/AppData/Roaming/TinyTeX/texmf-dist/tex/latex/l3backend/l3backen
d-pdftex.def
File: l3backend-pdftex.def 2020-09-24 L3 backend support: PDF output (pdfTeX)
\l__kernel_color_stack_int=\count292
\l__pdf_internal_box=\box57
) (./g4dbr.aux)
\openout1 = `g4dbr.aux'.

LaTeX Font Info:    Checking defaults for OML/cmm/m/it on input line 142.
LaTeX Font Info:    ... okay on input line 142.
LaTeX Font Info:    Checking defaults for OMS/cmsy/m/n on input line 142.
LaTeX Font Info:    ... okay on input line 142.
LaTeX Font Info:    Checking defaults for OT1/cmr/m/n on input line 142.
LaTeX Font Info:    ... okay on input line 142.
LaTeX Font Info:    Checking defaults for T1/cmr/m/n on input line 142.
LaTeX Font Info:    ... okay on input line 142.
LaTeX Font Info:    Checking defaults for TS1/cmr/m/n on input line 142.
LaTeX Font Info:    ... okay on input line 142.
LaTeX Font Info:    Checking defaults for OMX/cmex/m/n on input line 142.
LaTeX Font Info:    ... okay on input line 142.
LaTeX Font Info:    Checking defaults for U/cmr/m/n on input line 142.
LaTeX Font Info:    ... okay on input line 142.
LaTeX Font Info:    Checking defaults for PD1/pdf/m/n on input line 142.
LaTeX Font Info:    ... okay on input line 142.
LaTeX Font Info:    Checking defaults for PU/pdf/m/n on input line 142.
LaTeX Font Info:    ... okay on input line 142.
LaTeX Font Info:    Checking defaults for LY1/ptm/m/n on input line 142.
LaTeX Font Info:    Trying to load font information for LY1+ptm on input line 1
42.
(c:/Users/elarg/AppData/Roaming/TinyTeX/texmf-dist/tex/latex/ly1/ly1ptm.fd
File: ly1ptm.fd 2001/02/01 font definitions for LY1/ptm using Berry names.
)
LaTeX Font Info:    ... okay on input line 142.

(c:/Users/elarg/AppData/Roaming/TinyTeX/texmf-dist/tex/latex/epstopdf-pkg/epsto
pdf-base.sty
Package: epstopdf-base 2020-01-24 v2.11 Base part for package epstopdf
Package epstopdf-base Info: Redefining graphics rule for `.eps' on input line 4
85.

(c:/Users/elarg/AppData/Roaming/TinyTeX/texmf-dist/tex/latex/latexconfig/epstop
df-sys.cfg
File: epstopdf-sys.cfg 2010/07/13 v1.3 Configuration of (r)epstopdf for TeX Liv
e
))
Package hyperref Info: Link coloring OFF on input line 142.

(c:/Users/elarg/AppData/Roaming/TinyTeX/texmf-dist/tex/latex/hyperref/nameref.s
ty
Package: nameref 2019/09/16 v2.46 Cross-referencing by name of section

(c:/Users/elarg/AppData/Roaming/TinyTeX/texmf-dist/tex/latex/refcount/refcount.
sty
Package: refcount 2019/12/15 v3.6 Data extraction from label references (HO)
)
(c:/Users/elarg/AppData/Roaming/TinyTeX/texmf-dist/tex/generic/gettitlestring/g
ettitlestring.sty
Package: gettitlestring 2019/12/15 v1.6 Cleanup title references (HO)
)
\c@section@level=\count293
)
LaTeX Info: Redefining \ref on input line 142.
LaTeX Info: Redefining \pageref on input line 142.
LaTeX Info: Redefining \nameref on input line 142.
(./g4dbr.out) (./g4dbr.out)
\@outlinefile=\write4
\openout4 = `g4dbr.out'.

*geometry* driver: auto-detecting
*geometry* detected driver: pdftex
*geometry* verbose mode - [ preamble ] result:
* driver: pdftex
* paper: <default>
* layout: <same size as paper>
* layoutoffset:(h,v)=(0.0pt,0.0pt)
* modes: 
* h-part:(L,W,R)=(72.26999pt, 469.75502pt, 72.26999pt)
* v-part:(T,H,B)=(72.26999pt, 650.43001pt, 72.26999pt)
* \paperwidth=614.295pt
* \paperheight=794.96999pt
* \textwidth=469.75502pt
* \textheight=650.43001pt
* \oddsidemargin=0.0pt
* \evensidemargin=0.0pt
* \topmargin=-37.0pt
* \headheight=12.0pt
* \headsep=25.0pt
* \topskip=10.0pt
* \footskip=30.0pt
* \marginparwidth=65.0pt
* \marginparsep=11.0pt
* \columnsep=10.0pt
* \skip\footins=9.0pt plus 4.0pt minus 2.0pt
* \hoffset=0.0pt
* \voffset=0.0pt
* \mag=1000
* \@twocolumnfalse
* \@twosidefalse
* \@mparswitchfalse
* \@reversemarginfalse
* (1in=72.27pt=25.4mm, 1cm=28.453pt)

LaTeX Font Info:    Font shape `T1/SourceSansPro-TLF/m/n' aliased to
(Font)              `T1/SourceSansPro-TLF/regular/n' on input line 144.
LaTeX Font Info:    Font shape `T1/SourceSansPro-TLF/regular/n' will be
(Font)              scaled to size 17.28pt on input line 144.
LaTeX Font Info:    Font shape `T1/SourceSansPro-TLF/m/n' aliased to
(Font)              `T1/SourceSansPro-TLF/regular/n' on input line 144.
LaTeX Font Info:    Font shape `T1/SourceSansPro-TLF/regular/n' will be
(Font)              scaled to size 12.0pt on input line 144.
LaTeX Font Info:    Trying to load font information for OT1+lmr on input line 1
44.
(c:/Users/elarg/AppData/Roaming/TinyTeX/texmf-dist/tex/latex/lm/ot1lmr.fd
File: ot1lmr.fd 2009/10/30 v1.6 Font defs for Latin Modern
)
LaTeX Font Info:    Trying to load font information for OML+lmm on input line 1
44.
(c:/Users/elarg/AppData/Roaming/TinyTeX/texmf-dist/tex/latex/lm/omllmm.fd
File: omllmm.fd 2009/10/30 v1.6 Font defs for Latin Modern
)
LaTeX Font Info:    Trying to load font information for OMS+lmsy on input line 
144.
(c:/Users/elarg/AppData/Roaming/TinyTeX/texmf-dist/tex/latex/lm/omslmsy.fd
File: omslmsy.fd 2009/10/30 v1.6 Font defs for Latin Modern
)
LaTeX Font Info:    Trying to load font information for OMX+lmex on input line 
144.
(c:/Users/elarg/AppData/Roaming/TinyTeX/texmf-dist/tex/latex/lm/omxlmex.fd
File: omxlmex.fd 2009/10/30 v1.6 Font defs for Latin Modern
)
LaTeX Font Info:    External font `lmex10' loaded for size
(Font)              <12> on input line 144.
LaTeX Font Info:    External font `lmex10' loaded for size
(Font)              <8> on input line 144.
LaTeX Font Info:    External font `lmex10' loaded for size
(Font)              <6> on input line 144.
LaTeX Font Info:    Trying to load font information for U+msa on input line 144
.
(c:/Users/elarg/AppData/Roaming/TinyTeX/texmf-dist/tex/latex/amsfonts/umsa.fd
File: umsa.fd 2013/01/14 v3.01 AMS symbols A
)
LaTeX Font Info:    Trying to load font information for U+msb on input line 144
.
(c:/Users/elarg/AppData/Roaming/TinyTeX/texmf-dist/tex/latex/amsfonts/umsb.fd
File: umsb.fd 2013/01/14 v3.01 AMS symbols B
)
LaTeX Font Info:    Font shape `T1/SourceSansPro-TLF/m/n' aliased to
(Font)              `T1/SourceSansPro-TLF/regular/n' on input line 147.
LaTeX Font Info:    Font shape `T1/SourceSansPro-TLF/regular/n' will be
(Font)              scaled to size 14.4pt on input line 147.
LaTeX Font Info:    Font shape `T1/SourceSansPro-TLF/b/n' aliased to
(Font)              `T1/SourceSansPro-TLF/bold/n' on input line 147.
LaTeX Font Info:    Font shape `T1/SourceSansPro-TLF/bold/n' will be
(Font)              scaled to size 14.4pt on input line 147.
(./g4dbr.toc
LaTeX Font Info:    Font shape `T1/SourceSansPro-TLF/b/n' aliased to
(Font)              `T1/SourceSansPro-TLF/bold/n' on input line 1.
LaTeX Font Info:    Font shape `T1/SourceSansPro-TLF/bold/n' will be
(Font)              scaled to size 10.0pt on input line 1.
LaTeX Font Info:    External font `lmex10' loaded for size
(Font)              <10> on input line 2.
LaTeX Font Info:    External font `lmex10' loaded for size
(Font)              <7> on input line 2.
LaTeX Font Info:    External font `lmex10' loaded for size
(Font)              <5> on input line 2.
LaTeX Font Info:    Font shape `T1/SourceSansPro-TLF/b/it' aliased to
(Font)              `T1/SourceSansPro-TLF/bold/it' on input line 11.
LaTeX Font Info:    Font shape `T1/SourceSansPro-TLF/bold/it' will be
(Font)              scaled to size 10.0pt on input line 11.
LaTeX Font Info:    Font shape `T1/SourceSansPro-TLF/m/it' aliased to
(Font)              `T1/SourceSansPro-TLF/regular/it' on input line 18.
LaTeX Font Info:    Font shape `T1/SourceSansPro-TLF/regular/it' will be
(Font)              scaled to size 10.0pt on input line 18.
)
\tf@toc=\write5
\openout5 = `g4dbr.toc'.

[1

{c:/Users/elarg/AppData/Roaming/TinyTeX/texmf-var/fonts/map/pdftex/updmap/pdfte
x.map}]
LaTeX Font Info:    Font shape `T1/SourceSansPro-TLF/b/n' aliased to
(Font)              `T1/SourceSansPro-TLF/bold/n' on input line 161.
LaTeX Font Info:    Font shape `T1/SourceSansPro-TLF/bold/n' will be
(Font)              scaled to size 12.0pt on input line 161.
LaTeX Font Info:    Font shape `T1/SourceSansPro-TLF/m/n' aliased to
(Font)              `T1/SourceSansPro-TLF/regular/n' on input line 163.
LaTeX Font Info:    Font shape `T1/SourceSansPro-TLF/regular/n' will be
(Font)              scaled to size 7.0pt on input line 163.
LaTeX Font Info:    Trying to load font information for T1+lmtt on input line 1
87.
(c:/Users/elarg/AppData/Roaming/TinyTeX/texmf-dist/tex/latex/lm/t1lmtt.fd
File: t1lmtt.fd 2009/10/30 v1.6 Font defs for Latin Modern
)
LaTeX Font Info:    Trying to load font information for TS1+lmtt on input line 
191.
(c:/Users/elarg/AppData/Roaming/TinyTeX/texmf-dist/tex/latex/lm/ts1lmtt.fd
File: ts1lmtt.fd 2009/10/30 v1.6 Font defs for Latin Modern
)
LaTeX Font Info:    Trying to load font information for TS1+SourceSansPro-TLF o
n input line 203.

(c:/Users/elarg/AppData/Roaming/TinyTeX/texmf-dist/tex/latex/sourcesanspro/TS1S
ourceSansPro-TLF.fd
File: TS1SourceSansPro-TLF.fd 2020/01/19 (autoinst) Font definitions for TS1/So
urceSansPro-TLF.
)
LaTeX Font Info:    Font shape `TS1/SourceSansPro-TLF/m/n' aliased to
(Font)              `TS1/SourceSansPro-TLF/regular/n' on input line 203.
LaTeX Font Info:    Font shape `TS1/SourceSansPro-TLF/regular/n' will be
(Font)              scaled to size 10.0pt on input line 203.
[2] [3]
<ressources/workflow.png, id=132, 1253.4027pt x 912.5292pt>
File: ressources/workflow.png Graphic file (type png)
<use ressources/workflow.png>
Package pdftex.def Info: ressources/workflow.png  used on input line 330.
(pdftex.def)             Requested size: 469.75711pt x 342.00267pt.
[4pdfTeX warning (ext4): destination with the same identifier (name{figure.1}) 
has been already used, duplicate ignored
<argument> ...shipout:D \box_use:N \l_shipout_box 
                                                  
l.359 \end{Shaded}
                   <./ressources/Workflow.png>]
LaTeX Font Info:    Font shape `T1/SourceSansPro-TLF/b/it' aliased to
(Font)              `T1/SourceSansPro-TLF/bold/it' on input line 375.
LaTeX Font Info:    Font shape `T1/SourceSansPro-TLF/bold/it' will be
(Font)              scaled to size 14.4pt on input line 375.
[5]
<ressources/colours.png, id=162, 1051.0467pt x 331.4784pt>
File: ressources/colours.png Graphic file (type png)
<use ressources/colours.png>
Package pdftex.def Info: ressources/colours.png  used on input line 446.
(pdftex.def)             Requested size: 469.75912pt x 148.1523pt.
LaTeX Font Info:    Font shape `T1/SourceSansPro-TLF/b/it' aliased to
(Font)              `T1/SourceSansPro-TLF/bold/it' on input line 459.
LaTeX Font Info:    Font shape `T1/SourceSansPro-TLF/bold/it' will be
(Font)              scaled to size 12.0pt on input line 459.
[6pdfTeX warning (ext4): destination with the same identifier (name{figure.2}) 
has been already used, duplicate ignored
<argument> ...shipout:D \box_use:N \l_shipout_box 
                                                  
l.470 \begin{Shaded}
                     <./ressources/colours.png (PNG copy)>]
<ressources/database_empty.png, id=177, 1445.6409pt x 783.1659pt>
File: ressources/database_empty.png Graphic file (type png)
<use ressources/database_empty.png>
Package pdftex.def Info: ressources/database_empty.png  used on input line 497.

(pdftex.def)             Requested size: 469.73949pt x 254.4781pt.
<ressources/database_import.png, id=180, 1445.6409pt x 783.1659pt>
File: ressources/database_import.png Graphic file (type png)
<use ressources/database_import.png>
Package pdftex.def Info: ressources/database_import.png  used on input line 510
.
(pdftex.def)             Requested size: 469.73949pt x 254.4781pt.
[7pdfTeX warning (ext4): destination with the same identifier (name{figure.3}) 
has been already used, duplicate ignored
<argument> ...shipout:D \box_use:N \l_shipout_box 
                                                  
l.516 
       <./ressources/database_empty.png (PNG copy)>]
<ressources/database_selection.png, id=198, 1445.4pt x 783.4068pt>
File: ressources/database_selection.png Graphic file (type png)
<use ressources/database_selection.png>
Package pdftex.def Info: ressources/database_selection.png  used on input line 
528.
(pdftex.def)             Requested size: 469.74944pt x 254.60419pt.
[8pdfTeX warning (ext4): destination with the same identifier (name{figure.4}) 
has been already used, duplicate ignored
<argument> ...shipout:D \box_use:N \l_shipout_box 
                                                  
l.534 
       <./ressources/database_import.png (PNG copy)>]
<ressources/database_massplot.png, id=210, 1269.3021pt x 659.5842pt>
File: ressources/database_massplot.png Graphic file (type png)
<use ressources/database_massplot.png>
Package pdftex.def Info: ressources/database_massplot.png  used on input line 5
41.
(pdftex.def)             Requested size: 469.75063pt x 244.1027pt.
[9pdfTeX warning (ext4): destination with the same identifier (name{figure.5}) 
has been already used, duplicate ignored
<argument> ...shipout:D \box_use:N \l_shipout_box 
                                                  
l.547 
       <./ressources/database_selection.PNG (PNG copy)>] [10pdfTeX warning (ext
4): destination with the same identifier (name{figure.6}) has been already used
, duplicate ignored
<argument> ...shipout:D \box_use:N \l_shipout_box 
                                                  
l.589 T
       he \emph{right sidebar} contain the following settings: <./ressources/da
tabase_massplot.PNG (PNG copy)>]
LaTeX Font Info:    Font shape `T1/SourceSansPro-TLF/b/n' aliased to
(Font)              `T1/SourceSansPro-TLF/bold/n' on input line 618.
LaTeX Font Info:    Font shape `T1/SourceSansPro-TLF/bold/n' will be
(Font)              scaled to size 7.0pt on input line 618.
[11]
<ressources/database_mslayout.png, id=239, 881.694pt x 269.3262pt>
File: ressources/database_mslayout.png Graphic file (type png)
<use ressources/database_mslayout.png>
Package pdftex.def Info: ressources/database_mslayout.png  used on input line 6
78.
(pdftex.def)             Requested size: 469.74414pt x 143.49014pt.
[12pdfTeX warning (ext4): destination with the same identifier (name{figure.7})
 has been already used, duplicate ignored
<argument> ...shipout:D \box_use:N \l_shipout_box 
                                                  
l.723 \begin{Shaded}
                     <./ressources/database_mslayout.png (PNG copy)>] [13]
<ressources/template_info.png, id=273, 1062.97125pt x 101.62968pt>
File: ressources/template_info.png Graphic file (type png)
<use ressources/template_info.png>
Package pdftex.def Info: ressources/template_info.png  used on input line 804.
(pdftex.def)             Requested size: 375.80847pt x 35.93068pt.
<ressources/template_cd.png, id=276, 859.71187pt x 218.31563pt>
File: ressources/template_cd.png Graphic file (type png)
<use ressources/template_cd.png>
Package pdftex.def Info: ressources/template_cd.png  used on input line 824.
(pdftex.def)             Requested size: 469.76022pt x 119.2911pt.
[14pdfTeX warning (ext4): destination with the same identifier (name{figure.8})
 has been already used, duplicate ignored
<argument> ...shipout:D \box_use:N \l_shipout_box 
                                                  
l.841   \texttt
               {Absorbance}, is the absorbance of the solution, with or with...
pdfTeX warning (ext4): destination with the same identifier (name{figure.9}) ha
s been already used, duplicate ignored
<argument> ...shipout:D \box_use:N \l_shipout_box 
                                                  
l.841   \texttt
               {Absorbance}, is the absorbance of the solution, with or with...
 <./ressources/template_info.PNG> <./ressources/template_cd.PNG>]
<ressources/template_uv.png, id=290, 712.91344pt x 197.23688pt>
File: ressources/template_uv.png Graphic file (type png)
<use ressources/template_uv.png>
Package pdftex.def Info: ressources/template_uv.png  used on input line 850.
(pdftex.def)             Requested size: 469.75197pt x 129.96304pt.
LaTeX Font Info:    Font shape `T1/SourceSansPro-TLF/m/it' aliased to
(Font)              `T1/SourceSansPro-TLF/regular/it' on input line 862.
LaTeX Font Info:    Font shape `T1/SourceSansPro-TLF/regular/it' will be
(Font)              scaled to size 7.0pt on input line 862.

Underfull \hbox (badness 4981) in paragraph at lines 862--863
\T1/SourceSansPro-TLF/regular/it/10 cleotide\T1/SourceSansPro-TLF/regular/n/10 
/\T1/SourceSansPro-TLF/regular/it/10 buffer\T1/SourceSansPro-TLF/regular/n/10 /
\T1/SourceSansPro-TLF/regular/it/10 cation \T1/SourceSansPro-TLF/regular/n/10 c
om-bi-na-tion) for the chem-i-cal shift and in-ten-sity, and three header rows 
for the
 []

<ressources/template_nmr.png, id=292, 322.95656pt x 211.54031pt>
File: ressources/template_nmr.png Graphic file (type png)
<use ressources/template_nmr.png>
Package pdftex.def Info: ressources/template_nmr.png  used on input line 866.
(pdftex.def)             Requested size: 234.87915pt x 153.84857pt.
[15pdfTeX warning (ext4): destination with the same identifier (name{figure.10}
) has been already used, duplicate ignored
<argument> ...shipout:D \box_use:N \l_shipout_box 
                                                  
l.879 
      pdfTeX warning (ext4): destination with the same identifier (name{figure.
11}) has been already used, duplicate ignored
<argument> ...shipout:D \box_use:N \l_shipout_box 
                                                  
l.879 
       <./ressources/template_uv.PNG> <./ressources/template_nmr.PNG>]
<ressources/template_nmr_labels.png, id=308, 437.38406pt x 351.56343pt>
File: ressources/template_nmr_labels.png Graphic file (type png)
<use ressources/template_nmr_labels.png>
Package pdftex.def Info: ressources/template_nmr_labels.png  used on input line
 882.
(pdftex.def)             Requested size: 234.87578pt x 188.79pt.

Overfull \hbox (3.83046pt too wide) in paragraph at lines 901--902
[]\T1/lmtt/m/n/10 replicate\T1/SourceSansPro-TLF/regular/n/10 , a num-ber to in
-cre-ment when sev-eral ex-per-i-ments for the same \T1/SourceSansPro-TLF/regul
ar/it/10 oligonu-cleotide/buffer/cation/tune
 []

<ressources/template_ms.png, id=310, 737.00343pt x 307.90031pt>
File: ressources/template_ms.png Graphic file (type png)
<use ressources/template_ms.png>
Package pdftex.def Info: ressources/template_ms.png  used on input line 906.
(pdftex.def)             Requested size: 375.7993pt x 156.99889pt.
[16pdfTeX warning (ext4): destination with the same identifier (name{figure.12}
) has been already used, duplicate ignored
<argument> ...shipout:D \box_use:N \l_shipout_box 
                                                  
l.914 
      pdfTeX warning (ext4): destination with the same identifier (name{figure.
13}) has been already used, duplicate ignored
<argument> ...shipout:D \box_use:N \l_shipout_box 
                                                  
l.914 
       <./ressources/template_nmr_labels.PNG> <./ressources/template_ms.PNG>]
<ressources/template_ms_labels.png, id=321, 616.55344pt x 387.69844pt>
File: ressources/template_ms_labels.png Graphic file (type png)
<use ressources/template_ms_labels.png>
Package pdftex.def Info: ressources/template_ms_labels.png  used on input line 
924.
(pdftex.def)             Requested size: 314.73914pt x 197.91289pt.
[17pdfTeX warning (ext4): destination with the same identifier (name{figure.14}
) has been already used, duplicate ignored
<argument> ...shipout:D \box_use:N \l_shipout_box 
                                                  
l.949   I
         ndividual oligonucleotides and analytical methods can be included o...
 <./ressources/template_ms_labels.PNG>] [18] [19]
<C:/Users/elarg/AppData/Local/Temp/RtmpAjLU6P/preview-5dac2f7f6f86.dir/g4dbr_fi
les/figure-latex/demomelt-1.pdf, id=371, 361.35pt x 216.81pt>
File: C:/Users/elarg/AppData/Local/Temp/RtmpAjLU6P/preview-5dac2f7f6f86.dir/g4d
br_files/figure-latex/demomelt-1.pdf Graphic file (type pdf)
<use C:/Users/elarg/AppData/Local/Temp/RtmpAjLU6P/preview-5dac2f7f6f86.dir/g4db
r_files/figure-latex/demomelt-1.pdf>
Package pdftex.def Info: C:/Users/elarg/AppData/Local/Temp/RtmpAjLU6P/preview-5
dac2f7f6f86.dir/g4dbr_files/figure-latex/demomelt-1.pdf  used on input line 110
8.
(pdftex.def)             Requested size: 361.34912pt x 216.80946pt.
[20]
Underfull \vbox (badness 3312) detected at line 1155
 []

[21pdfTeX warning (ext4): destination with the same identifier (name{figure.15}
) has been already used, duplicate ignored
<argument> ...shipout:D \box_use:N \l_shipout_box 
                                                  
l.1155 \end{Shaded}
                    <c:/Users/elarg/AppData/Local/Temp/RtmpAjLU6P/preview-5dac2
f7f6f86.dir/g4dbr_files/figure-latex/demomelt-1.pdf>]

LaTeX Warning: Command \textdegree invalid in math mode on input line 1159.


LaTeX Warning: Command \textdegree invalid in math mode on input line 1159.


LaTeX Warning: Command \textdegree invalid in math mode on input line 1159.


LaTeX Warning: Command \textdegree invalid in math mode on input line 1159.

<C:/Users/elarg/AppData/Local/Temp/RtmpAjLU6P/preview-5dac2f7f6f86.dir/g4dbr_fi
les/figure-latex/baseplot-1.pdf, id=394, 361.35pt x 216.81pt>
File: C:/Users/elarg/AppData/Local/Temp/RtmpAjLU6P/preview-5dac2f7f6f86.dir/g4d
br_files/figure-latex/baseplot-1.pdf Graphic file (type pdf)
<use C:/Users/elarg/AppData/Local/Temp/RtmpAjLU6P/preview-5dac2f7f6f86.dir/g4db
r_files/figure-latex/baseplot-1.pdf>
Package pdftex.def Info: C:/Users/elarg/AppData/Local/Temp/RtmpAjLU6P/preview-5
dac2f7f6f86.dir/g4dbr_files/figure-latex/baseplot-1.pdf  used on input line 119
5.
(pdftex.def)             Requested size: 361.34912pt x 216.80946pt.
[22]
<C:/Users/elarg/AppData/Local/Temp/RtmpAjLU6P/preview-5dac2f7f6f86.dir/g4dbr_fi
les/figure-latex/foldedfractionbase-1.pdf, id=402, 361.35pt x 216.81pt>
File: C:/Users/elarg/AppData/Local/Temp/RtmpAjLU6P/preview-5dac2f7f6f86.dir/g4d
br_files/figure-latex/foldedfractionbase-1.pdf Graphic file (type pdf)
<use C:/Users/elarg/AppData/Local/Temp/RtmpAjLU6P/preview-5dac2f7f6f86.dir/g4db
r_files/figure-latex/foldedfractionbase-1.pdf>
Package pdftex.def Info: C:/Users/elarg/AppData/Local/Temp/RtmpAjLU6P/preview-5
dac2f7f6f86.dir/g4dbr_files/figure-latex/foldedfractionbase-1.pdf  used on inpu
t line 1220.
(pdftex.def)             Requested size: 361.34912pt x 216.80946pt.
[23pdfTeX warning (ext4): destination with the same identifier (name{figure.16}
) has been already used, duplicate ignored
<argument> ...shipout:D \box_use:N \l_shipout_box 
                                                  
l.1226 
        <c:/Users/elarg/AppData/Local/Temp/RtmpAjLU6P/preview-5dac2f7f6f86.dir/
g4dbr_files/figure-latex/baseplot-1.pdf>]
<C:/Users/elarg/AppData/Local/Temp/RtmpAjLU6P/preview-5dac2f7f6f86.dir/g4dbr_fi
les/figure-latex/foldedfraction-1.pdf, id=415, 361.35pt x 216.81pt>
File: C:/Users/elarg/AppData/Local/Temp/RtmpAjLU6P/preview-5dac2f7f6f86.dir/g4d
br_files/figure-latex/foldedfraction-1.pdf Graphic file (type pdf)
<use C:/Users/elarg/AppData/Local/Temp/RtmpAjLU6P/preview-5dac2f7f6f86.dir/g4db
r_files/figure-latex/foldedfraction-1.pdf>
Package pdftex.def Info: C:/Users/elarg/AppData/Local/Temp/RtmpAjLU6P/preview-5
dac2f7f6f86.dir/g4dbr_files/figure-latex/foldedfraction-1.pdf  used on input li
ne 1246.
(pdftex.def)             Requested size: 361.34912pt x 216.80946pt.
[24pdfTeX warning (ext4): destination with the same identifier (name{figure.17}
) has been already used, duplicate ignored
<argument> ...shipout:D \box_use:N \l_shipout_box 
                                                  
l.1252 
        <c:/Users/elarg/AppData/Local/Temp/RtmpAjLU6P/preview-5dac2f7f6f86.dir/
g4dbr_files/figure-latex/foldedfractionbase-1.pdf>] [25pdfTeX warning (ext4): d
estination with the same identifier (name{figure.18}) has been already used, du
plicate ignored
<argument> ...shipout:D \box_use:N \l_shipout_box 
                                                  
l.1316 
        <c:/Users/elarg/AppData/Local/Temp/RtmpAjLU6P/preview-5dac2f7f6f86.dir/
g4dbr_files/figure-latex/foldedfraction-1.pdf>]
<ressources/melting_1.png, id=455, 1005.7575pt x 395.22656pt>
File: ressources/melting_1.png Graphic file (type png)
<use ressources/melting_1.png>
Package pdftex.def Info: ressources/melting_1.png  used on input line 1336.
(pdftex.def)             Requested size: 422.76825pt x 166.13272pt.

Underfull \hbox (badness 10000) in paragraph at lines 1362--1364

 []

<ressources/melting_2.png, id=459, 1038.88126pt x 453.19313pt>
File: ressources/melting_2.png Graphic file (type png)
<use ressources/melting_2.png>
Package pdftex.def Info: ressources/melting_2.png  used on input line 1370.
(pdftex.def)             Requested size: 469.74324pt x 204.91698pt.
[26pdfTeX warning (ext4): destination with the same identifier (name{figure.19}
) has been already used, duplicate ignored
<argument> ...shipout:D \box_use:N \l_shipout_box 
                                                  
l.1376 
        <./ressources/melting_1.png>]
<ressources/melting_3.png, id=481, 831.85782pt x 288.3272pt>
File: ressources/melting_3.png Graphic file (type png)
<use ressources/melting_3.png>
Package pdftex.def Info: ressources/melting_3.png  used on input line 1379.
(pdftex.def)             Requested size: 469.75937pt x 162.82156pt.
<ressources/melting_4.png, id=483, 580.41844pt x 194.22563pt>
File: ressources/melting_4.png Graphic file (type png)
<use ressources/melting_4.png>
Package pdftex.def Info: ressources/melting_4.png  used on input line 1407.
(pdftex.def)             Requested size: 469.75554pt x 157.19444pt.
[27pdfTeX warning (ext4): destination with the same identifier (name{figure.20}
) has been already used, duplicate ignored
<argument> ...shipout:D \box_use:N \l_shipout_box 
                                                  
l.1413 
       pdfTeX warning (ext4): destination with the same identifier (name{figure
.21}) has been already used, duplicate ignored
<argument> ...shipout:D \box_use:N \l_shipout_box 
                                                  
l.1413 
        <./ressources/melting_2.png> <./ressources/melting_3.png>]
<ressources/melting_5.png, id=496, 1686.3pt x 840.13875pt>
File: ressources/melting_5.png Graphic file (type png)
<use ressources/melting_5.png>
Package pdftex.def Info: ressources/melting_5.png  used on input line 1439.
(pdftex.def)             Requested size: 469.74208pt x 234.03221pt.
[28pdfTeX warning (ext4): destination with the same identifier (name{figure.22}
) has been already used, duplicate ignored
<argument> ...shipout:D \box_use:N \l_shipout_box 
                                                  
l.1455   I
          f not already done, select the oligonucleotides to import in \emph...
pdfTeX warning (ext4): destination with the same identifier (name{figure.23}) h
as been already used, duplicate ignored
<argument> ...shipout:D \box_use:N \l_shipout_box 
                                                  
l.1455   I
          f not already done, select the oligonucleotides to import in \emph...
 <./ressources/melting_4.png> <./ressources/melting_5.png>] [29]
LaTeX Font Info:    Font shape `T1/lmtt/bx/n' in size <10> not available
(Font)              Font shape `T1/lmtt/b/n' tried instead on input line 1520.
[30]
Underfull \hbox (badness 1742) in paragraph at lines 1606--1607
\T1/lmtt/m/n/10 epsilon.calculator \T1/SourceSansPro-TLF/regular/n/10 com-putes
 the mo-lar ex-tinc-tion co-ef-fi-cient at 260 nm of oligonu-cleotides from the
ir
 []

[31] [32] [33] [34]
<C:/Users/elarg/AppData/Local/Temp/RtmpAjLU6P/preview-5dac2f7f6f86.dir/g4dbr_fi
les/figure-latex/dietplots-1.pdf, id=565, 505.89pt x 289.08pt>
File: C:/Users/elarg/AppData/Local/Temp/RtmpAjLU6P/preview-5dac2f7f6f86.dir/g4d
br_files/figure-latex/dietplots-1.pdf Graphic file (type pdf)
<use C:/Users/elarg/AppData/Local/Temp/RtmpAjLU6P/preview-5dac2f7f6f86.dir/g4db
r_files/figure-latex/dietplots-1.pdf>
Package pdftex.def Info: C:/Users/elarg/AppData/Local/Temp/RtmpAjLU6P/preview-5
dac2f7f6f86.dir/g4dbr_files/figure-latex/dietplots-1.pdf  used on input line 18
72.
(pdftex.def)             Requested size: 469.76265pt x 268.43579pt.
[35] [36pdfTeX warning (ext4): destination with the same identifier (name{figur
e.24}) has been already used, duplicate ignored
<argument> ...shipout:D \box_use:N \l_shipout_box 
                                                  
l.1953 \end{Shaded}
                    <c:/Users/elarg/AppData/Local/Temp/RtmpAjLU6P/preview-5dac2
f7f6f86.dir/g4dbr_files/figure-latex/dietplots-1.pdf>] [37] [38]
Overfull \hbox (31.333pt too wide) in paragraph at lines 2046--2048
[] [] 
 []


Overfull \hbox (31.333pt too wide) in paragraph at lines 2049--2052
[][][] [] 
 []


Overfull \hbox (31.333pt too wide) in paragraph at lines 2053--2056
[][][] [] 
 []

[39] (./g4dbr.aux)
Package rerunfilecheck Info: File `g4dbr.out' has not changed.
(rerunfilecheck)             Checksum: 1817A36CB09652A5780B78EFC6038056;3051.
 ) 
Here is how much of TeX's memory you used:
 12803 strings out of 481441
 194754 string characters out of 5919002
 489789 words of memory out of 5000000
 28994 multiletter control sequences out of 15000+600000
 693502 words of font info for 95 fonts, out of 8000000 for 9000
 14 hyphenation exceptions out of 8191
 66i,6n,72p,862b,451s stack positions out of 5000i,500n,10000p,200000b,80000s
{c:/Users/elarg/AppData/Roaming/TinyTeX/texmf-dist/fonts/enc/dvips/lm/lm-ec.e
nc}{c:/Users/elarg/AppData/Roaming/TinyTeX/texmf-dist/fonts/enc/dvips/lm/lm-ts1
.enc}{c:/Users/elarg/AppData/Roaming/TinyTeX/texmf-dist/fonts/enc/dvips/lm/lm-m
athex.enc}{c:/Users/elarg/AppData/Roaming/TinyTeX/texmf-dist/fonts/enc/dvips/lm
/lm-mathit.enc}{c:/Users/elarg/AppData/Roaming/TinyTeX/texmf-dist/fonts/enc/dvi
ps/lm/lm-mathsy.enc}{c:/Users/elarg/AppData/Roaming/TinyTeX/texmf-dist/fonts/en
c/dvips/lm/lm-rm.enc}{c:/Users/elarg/AppData/Roaming/TinyTeX/texmf-dist/fonts/e
nc/dvips/sourcesanspro/a_5ponh6.enc}{c:/Users/elarg/AppData/Roaming/TinyTeX/tex
mf-dist/fonts/enc/dvips/sourcesanspro/a_emkxm5.enc}<c:/Users/elarg/AppData/Roam
ing/TinyTeX/texmf-dist/fonts/type1/adobe/sourcesanspro/SourceSansPro-Bold.pfb><
c:/Users/elarg/AppData/Roaming/TinyTeX/texmf-dist/fonts/type1/adobe/sourcesansp
ro/SourceSansPro-BoldIt.pfb><c:/Users/elarg/AppData/Roaming/TinyTeX/texmf-dist/
fonts/type1/adobe/sourcesanspro/SourceSansPro-It.pfb><c:/Users/elarg/AppData/Ro
aming/TinyTeX/texmf-dist/fonts/type1/adobe/sourcesanspro/SourceSansPro-Regular.
pfb><c:/Users/elarg/AppData/Roaming/TinyTeX/texmf-dist/fonts/type1/public/lm/lm
ex10.pfb><c:/Users/elarg/AppData/Roaming/TinyTeX/texmf-dist/fonts/type1/public/
lm/lmmi10.pfb><c:/Users/elarg/AppData/Roaming/TinyTeX/texmf-dist/fonts/type1/pu
blic/lm/lmmi5.pfb><c:/Users/elarg/AppData/Roaming/TinyTeX/texmf-dist/fonts/type
1/public/lm/lmmi7.pfb><c:/Users/elarg/AppData/Roaming/TinyTeX/texmf-dist/fonts/
type1/public/lm/lmr10.pfb><c:/Users/elarg/AppData/Roaming/TinyTeX/texmf-dist/fo
nts/type1/public/lm/lmr5.pfb><c:/Users/elarg/AppData/Roaming/TinyTeX/texmf-dist
/fonts/type1/public/lm/lmr7.pfb><c:/Users/elarg/AppData/Roaming/TinyTeX/texmf-d
ist/fonts/type1/public/lm/lmsy10.pfb><c:/Users/elarg/AppData/Roaming/TinyTeX/te
xmf-dist/fonts/type1/public/lm/lmsy7.pfb><c:/Users/elarg/AppData/Roaming/TinyTe
X/texmf-dist/fonts/type1/public/lm/lmtk10.pfb><c:/Users/elarg/AppData/Roaming/T
inyTeX/texmf-dist/fonts/type1/public/lm/lmtt10.pfb><c:/Users/elarg/AppData/Roam
ing/TinyTeX/texmf-dist/fonts/type1/public/lm/lmtti10.pfb>
Output written on g4dbr.pdf (39 pages, 2956325 bytes).
PDF statistics:
 730 PDF objects out of 1000 (max. 8388607)
 624 compressed objects within 7 object streams
 263 named destinations out of 1000 (max. 500000)
 273 words of extra memory for PDF output out of 10000 (max. 10000000)

